<?xml version="1.0" encoding="UTF-8"?>
<!-- Generated by org.testng.reporters.JUnitReportReporter -->
<testsuite hostname="Sravanthi" failures="0" tests="1" name="com.An_Tmobileapp.ValidLoginTest" time="34.821" errors="0" timestamp="2021-06-05T14:00:20 IST" skipped="0">
  <testcase classname="com.An_Tmobileapp.ValidLoginTest" name="loginToApp" time="34.821"/>
  <system-out>
    <![CDATA[loginToAppSTARTED
Zoho CRM - Home Page is Displayed,PASSED
loginToAppPASSED]]>
  </system-out>
</testsuite> <!-- com.An_Tmobileapp.ValidLoginTest -->
