<?xml version="1.0" encoding="UTF-8"?>
<!-- Generated by org.testng.reporters.JUnitReportReporter -->
<testsuite hostname="Sravanthi" failures="0" tests="1" name="com.TMobile.customer.CreateProjectTest" time="0.013" errors="0" timestamp="2021-06-05T14:00:20 IST" skipped="0">
  <testcase classname="com.TMobile.customer.CreateProjectTest" name="gun" time="0.013"/>
  <system-out>
    <![CDATA[gunSTARTED
Create Project Tests Running Successfully
gunPASSED]]>
  </system-out>
</testsuite> <!-- com.TMobile.customer.CreateProjectTest -->
