<?xml version="1.0" encoding="UTF-8"?>
<!-- Generated by org.testng.reporters.JUnitReportReporter -->
<testsuite hostname="Sravanthi" failures="0" tests="1" name="com.An_Tmobileapp.Actionstream.CreateCampaignTest" time="110.836" errors="0" timestamp="2021-06-05T14:00:20 IST" skipped="0">
  <testcase classname="com.An_Tmobileapp.Actionstream.CreateCampaignTest" name="createCampaign" time="110.836"/>
  <system-out>
    <![CDATA[createCampaignSTARTED
Zoho CRM - Home Page is Displayed,PASSED
campaign Page is Displayed,PASSED
new campaign page is Displayed,PASSED
campaign details page is Displayed,PASSED
createCampaignPASSED]]>
  </system-out>
</testsuite> <!-- com.An_Tmobileapp.Actionstream.CreateCampaignTest -->
