<?xml version="1.0" encoding="UTF-8"?>
<!-- Generated by org.testng.reporters.JUnitReportReporter -->
<testsuite hostname="Sravanthi" failures="0" tests="1" name="com.TMobile.customer.CreateCustomerTest" time="0.002" errors="0" timestamp="2021-06-05T14:00:19 IST" skipped="0">
  <testcase classname="com.TMobile.customer.CreateCustomerTest" name="run" time="0.002"/>
  <system-out>
    <![CDATA[runSTARTED
Tests Running Successfully
runPASSED]]>
  </system-out>
</testsuite> <!-- com.TMobile.customer.CreateCustomerTest -->
