<?xml version="1.0" encoding="UTF-8"?>
<!-- Generated by org.testng.reporters.JUnitReportReporter -->
<testsuite hostname="Sravanthi" failures="0" tests="1" name="com.An_Tmobileapp.genericLib.CustumReports" time="4.226" errors="0" timestamp="2021-06-05T14:00:20 IST" skipped="0">
  <testcase classname="com.An_Tmobileapp.genericLib.CustumReports" name="runReports" time="4.226"/>
  <system-out>
    <![CDATA[runReportsSTARTED
runReportsPASSED]]>
  </system-out>
</testsuite> <!-- com.An_Tmobileapp.genericLib.CustumReports -->
