<?xml version="1.0" encoding="UTF-8"?>
<!-- Generated by org.testng.reporters.JUnitReportReporter -->
<testsuite hostname="Sravanthi" failures="0" tests="1" name="com.An_Tmobileapp.Actionstream.SearchElementTest" time="61.289" errors="0" timestamp="2021-06-05T14:00:20 IST" skipped="0">
  <testcase classname="com.An_Tmobileapp.Actionstream.SearchElementTest" name="searchElement" time="61.289"/>
  <system-out>
    <![CDATA[searchElementSTARTED
Zoho CRM - Home Page is Displayed,PASSED
searchElementPASSED]]>
  </system-out>
</testsuite> <!-- com.An_Tmobileapp.Actionstream.SearchElementTest -->
